<?xml version="1.0" encoding="UTF-8" ?>
<testsuite errors="0" failures="0" hostname="scooter" name="blog.models.MessageTest" tests="1" time="59.205" timestamp="2011-11-05T06:45:52">
  <properties>
[...]
</properties>
  <testcase classname="blog.models.MessageTest" name="test_dummary" time="0.0030" />
  <system-out><![CDATA[Starting unit test for webapps/blog
Initializing SCOOTER APP application ... 
           context name: scooter
               app path: C:\dev\scooter_project\scooter
 property.file.location: webapps/blog\WEB-INF\config
reference.file.location: C:\dev\scooter_project\scooter\lib
11/11/05 02:45:52,195 DEBUG PropertyFileUtil - loading properties from resource /com/scooterframework/admin/extension_mimetypes.properties
11/11/05 02:45:52,211 DEBUG AutoLoaderConfig - output class location: webapps\blog\WEB-INF\classes
11/11/05 02:45:52,211 DEBUG AutoLoaderConfig - plugins location: C:\dev\scooter_project\scooter\plugins
11/11/05 02:45:52,211 DEBUG AutoLoaderConfig - references location: C:\dev\scooter_project\scooter\lib
11/11/05 02:45:52,219 DEBUG AutoLoaderConfig - class path: webapps\blog\WEB-INF\classes;C:\dev\scooter_project\scooter\lib\scooter.jar;C:\dev\scooter_project\scooter\plugins\freemarker\lib\freemarker-2.3.16.jar;C:\dev\scooter_project\scooter\plugins\freemarker\plugin-freemarker.jar;C:\dev\scooter_project\scooter\plugins\freemarker\plugin-scooter-freemarker.jar;C:\dev\scooter_project\scooter\plugins\spymemcached\lib\memcached-2.5.jar;C:\dev\scooter_project\scooter\plugins\spymemcached\plugin-scooter-spymemcached.jar;C:\dev\scooter_project\scooter\plugins\xmemcached\lib\slf4j-api-1.5.6.jar;C:\dev\scooter_project\scooter\plugins\xmemcached\lib\slf4j-log4j12-1.5.6.jar;C:\dev\scooter_project\scooter\plugins\xmemcached\lib\xmemcached-1.2.4-bugfix.jar;C:\dev\scooter_project\scooter\plugins\xmemcached\lib\yanf4j-1.1.1.jar;C:\dev\scooter_project\scooter\plugins\xmemcached\plugin-scooter-xmemcached.jar;C:\dev\scooter_project\scooter\lib\apache-commons\commons-fileupload-1.2.2.jar;C:\dev\scooter_project\scooter\lib\apache-commons\commons-io-1.4.jar;C:\dev\scooter_project\scooter\lib\apache-commons\commons-logging-1.1.1.jar;C:\dev\scooter_project\scooter\lib\httpclient\httpclient-4.0.1.jar;C:\dev\scooter_project\scooter\lib\httpclient\httpcore-4.0.1.jar;C:\dev\scooter_project\scooter\lib\j2ee\jta.jar;C:\dev\scooter_project\scooter\lib\j2ee\tools.jar;C:\dev\scooter_project\scooter\lib\javassist\javassist.jar;C:\dev\scooter_project\scooter\lib\jdbc-clients\c3p0-0.9.1.2.jar;C:\dev\scooter_project\scooter\lib\jdbc-clients\c3p0-oracle-thin-extras-0.9.1.2.jar;C:\dev\scooter_project\scooter\lib\jdbc-clients\h2-1.2.137.jar;C:\dev\scooter_project\scooter\lib\jdbc-clients\hsqldb-1.8.1.2.jar;C:\dev\scooter_project\scooter\lib\jdbc-clients\mysql-connector-java-5.1.13-bin.jar;C:\dev\scooter_project\scooter\lib\jdbc-clients\ojdbc5.jar;C:\dev\scooter_project\scooter\lib\jdbc-clients\postgresql-9.0-801.jdbc3.jar;C:\dev\scooter_project\scooter\lib\jdbc-clients\sqljdbc.jar;C:\dev\scooter_project\scooter\lib\json\json.jar;C:\dev\scooter_project\scooter\lib\junit\junit-4.8.2.jar;C:\dev\scooter_project\scooter\lib\log4j\log4j-1.2.15.jar;C:\dev\scooter_project\scooter\lib\markdown\markdownj-1.0.2b4-0.3.0.jar;C:\dev\scooter_project\scooter\lib\sitemesh\sitemesh-2.3.jar;C:\dev\scooter_project\scooter\lib\stringtemplate\antlr-2.7.7.jar;C:\dev\scooter_project\scooter\lib\stringtemplate\stringtemplate-3.2.1.jar;C:\dev\scooter_project\scooter\support\js\bsf-2.4.0.jar;C:\dev\scooter_project\scooter\support\js\js.jar;C:\dev\scooter_project\scooter\support\servlet-api-2.5-20081211.jar;
11/11/05 02:45:52,287 DEBUG AutoLoaderConfig - source file location: webapps\blog\WEB-INF\src
11/11/05 02:45:52,291 DEBUG AutoLoaderConfig - compiler forbidden files: [com.sun., javax., org.apache., com.scooterframework., java.]
11/11/05 02:45:52,425 DEBUG DatabaseConfig - created ds for blog_development with properties: {acquireIncrement=3, maxPoolSize=10, maxIdleTime=0, minPoolSize=1, initialPoolSize=3}
11/11/05 02:45:52,438 DEBUG DatabaseConfig - created ds for blog_production with properties: {acquireIncrement=3, maxPoolSize=10, maxIdleTime=0, minPoolSize=1, initialPoolSize=3}
11/11/05 02:45:52,448 DEBUG DatabaseConfig - created ds for blog_test with properties: {acquireIncrement=3, maxPoolSize=10, maxIdleTime=0, minPoolSize=1, initialPoolSize=3}
11/11/05 02:45:52,499 DEBUG SqlConfig - Loaded sql properties: {}
11/11/05 02:45:52,518 DEBUG MessageResourcesManager - loaded locale: en_US
11/11/05 02:46:50,878  INFO ApplicationConfig - Application started in DEVELOPMENT with Scooter version: 1.2.x (build 1210)
Scooter automatically switched to TEST environment.
Scooter automatically switched to test database "blog_test" for testing.
11/11/05 02:46:50,891 DEBUG ConnectionUtil - pool connecting to database represented by blog_test
11/11/05 02:46:51,243  INFO ApplicationConfig - Application ended.
]]></system-out>
  <system-err><![CDATA[log4j:WARN No appenders could be found for logger (com.mchange.v2.log.MLog).
log4j:WARN Please initialize the log4j system properly.
]]></system-err>
</testsuite>
